<?xml version="1.0" encoding="UTF-8"?>
<!-- Generated by org.testng.reporters.JUnitReportReporter -->
<testsuite skipped="0" hostname="user-PC" name="master.cbank.tests.Verify_Title" tests="1" failures="0" timestamp="16 Nov 2019 06:54:32 GMT" time="0.050" errors="0">
  <testcase name="sVerifyTitle" time="0.050" classname="master.cbank.tests.Verify_Title"/>
</testsuite> <!-- master.cbank.tests.Verify_Title -->
