<?xml version="1.0" encoding="UTF-8"?>
<!-- Generated by org.testng.reporters.JUnitReportReporter -->
<testsuite skipped="0" hostname="user-PC" name="master.cbank.tests.VerifyCreatingusers" tests="1" failures="0" timestamp="14 Nov 2019 01:00:57 GMT" time="90.556" errors="0">
  <testcase name="sVerifycreationofUsers" time="90.556" classname="master.cbank.tests.VerifyCreatingusers"/>
</testsuite> <!-- master.cbank.tests.VerifyCreatingusers -->
