<?xml version="1.0" encoding="UTF-8"?>
<!-- Generated by org.testng.reporters.JUnitReportReporter -->
<testsuite skipped="0" hostname="user-PC" name="master.cbank.tests.Test1" tests="1" failures="0" timestamp="08 Nov 2019 15:52:12 GMT" time="0.063" errors="0">
  <testcase name="Verify_Title" time="0.063" classname="master.cbank.tests.Test1"/>
</testsuite> <!-- master.cbank.tests.Test1 -->
