<?xml version="1.0" encoding="UTF-8"?>
<!-- Generated by org.testng.reporters.JUnitReportReporter -->
<testsuite skipped="0" hostname="user-PC" name="master.cbank.tests.Verify_Title" tests="1" failures="0" timestamp="10 Nov 2019 01:57:14 GMT" time="0.161" errors="0">
  <testcase name="sVerifyTitle" time="0.161" classname="master.cbank.tests.Verify_Title"/>
</testsuite> <!-- master.cbank.tests.Verify_Title -->
