<?xml version="1.0" encoding="UTF-8"?>
<!-- Generated by org.testng.reporters.JUnitReportReporter -->
<testsuite skipped="0" hostname="user-PC" name="master.cbank.tests.NewTest" tests="1" failures="0" timestamp="08 Nov 2019 13:51:20 GMT" time="0.013" errors="0">
  <testcase name="f" time="0.013" classname="master.cbank.tests.NewTest"/>
</testsuite> <!-- master.cbank.tests.NewTest -->
