<?xml version="1.0" encoding="UTF-8"?>
<!-- Generated by org.testng.reporters.JUnitReportReporter -->
<testsuite skipped="0" hostname="user-PC" name="master.cbank.tests.VerifyDashBoardPageAttributes" tests="1" failures="0" timestamp="14 Nov 2019 01:02:30 GMT" time="33.448" errors="0">
  <testcase name="sVerifyDashBoardMessage" time="33.448" classname="master.cbank.tests.VerifyDashBoardPageAttributes"/>
</testsuite> <!-- master.cbank.tests.VerifyDashBoardPageAttributes -->
